Using pre-set license
Built from '2020.3/release' branch; Version is '2020.3.1f1 (77a89f25062f) revision 7841951'; Using compiler version '192528614'; Build Type 'Release'
OS: 'Windows 10 Education; OS build 19041.985; Version 2004; 64bit' Language: 'en' Physical Memory: 16250 MB
BatchMode: 1, IsHumanControllingUs: 0, StartBugReporterOnCrash: 0, Is64bit: 1, IsPro: 0

 COMMAND LINE ARGUMENTS:
C:\Program Files\Unity\Hub\Editor\2020.3.1f1\Editor\Unity.exe
-adb2
-batchMode
-noUpm
-name
AssetImportWorker0
-projectPath
C:/Users/Owner/Desktop/Assignment 2
-logFile
Logs/AssetImportWorker0.log
-srvPort
58982
Successfully changed project path to: C:/Users/Owner/Desktop/Assignment 2
C:/Users/Owner/Desktop/Assignment 2
Using Asset Import Pipeline V2.
Refreshing native plugins compatible for Editor in 52.45 ms, found 0 plugins.
Preloading 0 native plugins for Editor in 0.00 ms.
Initialize engine version: 2020.3.1f1 (77a89f25062f)
[Subsystems] Discovering subsystems at path C:/Program Files/Unity/Hub/Editor/2020.3.1f1/Editor/Data/Resources/UnitySubsystems
[Subsystems] Discovering subsystems at path C:/Users/Owner/Desktop/Assignment 2/Assets
GfxDevice: creating device client; threaded=0
Direct3D:
    Version:  Direct3D 11.0 [level 11.1]
    Renderer: NVIDIA GeForce GTX 1050 Ti (ID=0x1c8c)
    Vendor:   
    VRAM:     4018 MB
    Driver:   27.21.14.6089
Initialize mono
Mono path[0] = 'C:/Program Files/Unity/Hub/Editor/2020.3.1f1/Editor/Data/Managed'
Mono path[1] = 'C:/Program Files/Unity/Hub/Editor/2020.3.1f1/Editor/Data/MonoBleedingEdge/lib/mono/unityjit'
Mono config path = 'C:/Program Files/Unity/Hub/Editor/2020.3.1f1/Editor/Data/MonoBleedingEdge/etc'
Using monoOptions --debugger-agent=transport=dt_socket,embedding=1,server=y,suspend=n,address=127.0.0.1:56168
Begin MonoManager ReloadAssembly
Registering precompiled unity dll's ...
Register platform support module: C:/Program Files/Unity/Hub/Editor/2020.3.1f1/Editor/Data/PlaybackEngines/WebGLSupport/UnityEditor.WebGL.Extensions.dll
Register platform support module: C:/Program Files/Unity/Hub/Editor/2020.3.1f1/Editor/Data/PlaybackEngines/WindowsStandaloneSupport/UnityEditor.WindowsStandalone.Extensions.dll
Registered in 0.003769 seconds.
Native extension for WindowsStandalone target not found
Native extension for WebGL target not found
Refreshing native plugins compatible for Editor in 53.05 ms, found 0 plugins.
Preloading 0 native plugins for Editor in 0.00 ms.
Invoked RoslynAnalysisRunner static constructor.
RoslynAnalysisRunner will not be running.
RoslynAnalysisRunner has terminated.
Mono: successfully reloaded assembly
- Completed reload, in  1.477 seconds
Platform modules already initialized, skipping
Registering precompiled user dll's ...
Registered in 0.001084 seconds.
Begin MonoManager ReloadAssembly
Native extension for WindowsStandalone target not found
Native extension for WebGL target not found
Refreshing native plugins compatible for Editor in 57.87 ms, found 0 plugins.
Preloading 0 native plugins for Editor in 0.00 ms.
Invoked RoslynAnalysisRunner static constructor.
RoslynAnalysisRunner will not be running.
RoslynAnalysisRunner has terminated.
Mono: successfully reloaded assembly
- Completed reload, in  1.540 seconds
Platform modules already initialized, skipping
========================================================================
Worker process is ready to serve import requests
Launched and connected shader compiler UnityShaderCompiler.exe after 0.06 seconds
Refreshing native plugins compatible for Editor in 0.43 ms, found 0 plugins.
Preloading 0 native plugins for Editor in 0.00 ms.
Unloading 1916 Unused Serialized files (Serialized files now loaded: 0)
System memory in use before: 109.5 MB.
System memory in use after: 109.2 MB.

Unloading 79 unused Assets to reduce memory usage. Loaded Objects now: 2377.
Total: 3.397100 ms (FindLiveObjects: 0.256100 ms CreateObjectMapping: 0.144500 ms MarkObjects: 2.411900 ms  DeleteObjects: 0.582900 ms)

========================================================================
Received Import Request.
  path: Assets/Main/Audio/FollowMe.mp3
  artifactKey: Guid(a94eab7c68a4fc645bbb9191c5cc9933) Importer(815301076,1909f56bfc062723c751e8b465ee728b)
Start importing Assets/Main/Audio/FollowMe.mp3 using Guid(a94eab7c68a4fc645bbb9191c5cc9933) Importer(815301076,1909f56bfc062723c751e8b465ee728b)  -> (artifact id: '9b05838d694454125bb7f43c7f012d0d') in 0.149510 seconds
  Import took 0.153207 seconds .

========================================================================
Received Import Request.
  Time since last request: 0.000321 seconds.
  path: Assets/Main/Audio/Spacebar.mp3
  artifactKey: Guid(459d08481cd0a874a9b2f837dfa3e70b) Importer(815301076,1909f56bfc062723c751e8b465ee728b)
Start importing Assets/Main/Audio/Spacebar.mp3 using Guid(459d08481cd0a874a9b2f837dfa3e70b) Importer(815301076,1909f56bfc062723c751e8b465ee728b)  -> (artifact id: '97091a7d997198ce58b587a52f47f6f5') in 0.020096 seconds
  Import took 0.024383 seconds .

========================================================================
Received Import Request.
  Time since last request: 0.000427 seconds.
  path: Assets/Main/Scenes/CutSceneHard.unity
  artifactKey: Guid(cb201c11522883247bbd93dbd34b84a5) Importer(815301076,1909f56bfc062723c751e8b465ee728b)
Start importing Assets/Main/Scenes/CutSceneHard.unity using Guid(cb201c11522883247bbd93dbd34b84a5) Importer(815301076,1909f56bfc062723c751e8b465ee728b)  -> (artifact id: '4f4fbfe0056e20827b27e1d0e18ff32f') in 0.007511 seconds
  Import took 0.012028 seconds .

========================================================================
Received Import Request.
  Time since last request: 0.000338 seconds.
  path: Assets/Main/Audio/DannyBoy.mp3
  artifactKey: Guid(d66024c8f9625c44a865985cf54debd2) Importer(815301076,1909f56bfc062723c751e8b465ee728b)
Start importing Assets/Main/Audio/DannyBoy.mp3 using Guid(d66024c8f9625c44a865985cf54debd2) Importer(815301076,1909f56bfc062723c751e8b465ee728b)  -> (artifact id: 'a25c9eed9d71ccaec24a0d8e006ce00e') in 0.019060 seconds
  Import took 0.024852 seconds .

========================================================================
Received Import Request.
  Time since last request: 0.000360 seconds.
  path: Assets/Main/Audio/OnMy6.mp3
  artifactKey: Guid(3c90746eeec7dbf4fbd210ed7fcbcdf2) Importer(815301076,1909f56bfc062723c751e8b465ee728b)
Start importing Assets/Main/Audio/OnMy6.mp3 using Guid(3c90746eeec7dbf4fbd210ed7fcbcdf2) Importer(815301076,1909f56bfc062723c751e8b465ee728b)  -> (artifact id: '116c689f8d11f01b5af666567087ff48') in 0.015891 seconds
  Import took 0.020097 seconds .

========================================================================
Received Import Request.
  Time since last request: 0.000249 seconds.
  path: Assets/Main/Prefabs/QuestionPoint.prefab
  artifactKey: Guid(86f3ce3a99c149b4bb451b303c751505) Importer(815301076,1909f56bfc062723c751e8b465ee728b)
Start importing Assets/Main/Prefabs/QuestionPoint.prefab using Guid(86f3ce3a99c149b4bb451b303c751505) Importer(815301076,1909f56bfc062723c751e8b465ee728b)  -> (artifact id: '2feee5de64e9dc1568ceb0a4b987a7e5') in 0.154494 seconds
  Import took 0.159201 seconds .

========================================================================
Received Prepare
Registering precompiled user dll's ...
Registered in 0.001373 seconds.
Begin MonoManager ReloadAssembly
Native extension for WindowsStandalone target not found
Native extension for WebGL target not found
Refreshing native plugins compatible for Editor in 0.39 ms, found 0 plugins.
Preloading 0 native plugins for Editor in 0.00 ms.
Warning: Annotation not found!
UnityEngine.StackTraceUtility:ExtractStackTrace ()
UnityEditor.ProBuilder.EditorUtility:SetGizmoIconEnabled (System.Type,bool) (at Library/PackageCache/com.unity.probuilder@4.5.0/Editor/EditorCore/EditorUtility.cs:593)
UnityEditor.ProBuilder.HierarchyListener:.cctor () (at Library/PackageCache/com.unity.probuilder@4.5.0/Editor/EditorCore/HierarchyListener.cs:21)
System.Runtime.CompilerServices.RuntimeHelpers:RunClassConstructor (System.RuntimeTypeHandle)
UnityEditor.EditorAssemblies:ProcessInitializeOnLoadAttributes (System.Type[])

[Library/PackageCache/com.unity.probuilder@4.5.0/Editor/EditorCore/EditorUtility.cs line 593]

Invoked RoslynAnalysisRunner static constructor.
RoslynAnalysisRunner will not be running.
RoslynAnalysisRunner has terminated.
Mono: successfully reloaded assembly
- Completed reload, in  1.158 seconds
Platform modules already initialized, skipping
Refreshing native plugins compatible for Editor in 0.65 ms, found 0 plugins.
Preloading 0 native plugins for Editor in 0.00 ms.
Unloading 1851 Unused Serialized files (Serialized files now loaded: 0)
System memory in use before: 108.4 MB.
System memory in use after: 108.1 MB.

Unloading 9 unused Assets to reduce memory usage. Loaded Objects now: 2392.
Total: 3.730600 ms (FindLiveObjects: 0.345700 ms CreateObjectMapping: 0.111100 ms MarkObjects: 2.806000 ms  DeleteObjects: 0.466000 ms)

AssetImportWorkerClient::OnTransportError - code=2 error=End of file
